<?xml version="1.0" encoding="UTF-8"?>
<testsuite name="com.mehdi.bbcnews.data.repository.NewsRepositoryImplTest" tests="2" skipped="0" failures="0" errors="0" timestamp="2025-12-31T22:03:01.409Z" hostname="DESKTOP-KLIOH9S" time="0.141">
  <properties/>
  <testcase name="getTopHeadlines returns expected result" classname="com.mehdi.bbcnews.data.repository.NewsRepositoryImplTest" time="0.13"/>
  <testcase name="getTopHeadlines returns empty response" classname="com.mehdi.bbcnews.data.repository.NewsRepositoryImplTest" time="0.01"/>
  <system-out><![CDATA[]]></system-out>
  <system-err><![CDATA[]]></system-err>
</testsuite>
