<?xml version="1.0" encoding="UTF-8"?>
<testsuite name="com.mehdi.bbcnews.data.remote.NewsRemoteDataSourceImplTest" tests="1" skipped="0" failures="0" errors="0" timestamp="2025-12-31T22:13:41.969Z" hostname="DESKTOP-KLIOH9S" time="3.502">
  <properties/>
  <testcase name="getTopHeadlines returns sorted articles" classname="com.mehdi.bbcnews.data.remote.NewsRemoteDataSourceImplTest" time="3.502"/>
  <system-out><![CDATA[]]></system-out>
  <system-err><![CDATA[WARNING: A Java agent has been loaded dynamically (C:\Users\Latitude 5410\.gradle\caches\modules-2\files-2.1\net.bytebuddy\byte-buddy-agent\1.15.11\a38b16385e867f59a641330f0362ebe742788ed8\byte-buddy-agent-1.15.11.jar)
WARNING: If a serviceability tool is in use, please run with -XX:+EnableDynamicAgentLoading to hide this warning
WARNING: If a serviceability tool is not in use, please run with -Djdk.instrument.traceUsage for more information
WARNING: Dynamic loading of agents will be disallowed by default in a future release
]]></system-err>
</testsuite>
