<?xml version="1.0" encoding="UTF-8"?>
<testsuite name="com.mehdi.bbcnews.domain.sorter.NewsSorterTest" tests="2" skipped="0" failures="0" errors="0" timestamp="2025-12-31T22:12:59.333Z" hostname="DESKTOP-KLIOH9S" time="0.63">
  <properties/>
  <testcase name="when sort is called with valid articles, then it should return sorted list" classname="com.mehdi.bbcnews.domain.sorter.NewsSorterTest" time="0.593"/>
  <testcase name="when sort is called with empty articles, then it should return empty list" classname="com.mehdi.bbcnews.domain.sorter.NewsSorterTest" time="0.035"/>
  <system-out><![CDATA[]]></system-out>
  <system-err><![CDATA[]]></system-err>
</testsuite>
